STAR version=2.7.11b
STAR compilation time,server,dir=2024-03-14T10:52:43-04:00 cn1168:/usr/local/apps/STAR/DOWNLOADS/STAR-2.7.11b/source
STAR git: 
##### Command Line:
STAR --runThreadN 16 --runMode genomeGenerate --genomeDir PTVL1 --genomeSAindexNbases 7 --genomeFastaFiles PTVL1/GCF_000861125.1_ViralProj15439_genomic_PTVL1.fna --sjdbGTFfile PTVL1/GCF_000861125.1_ViralProj15439_genomic_PTVL1.rename.gff --sjdbOverhang 99
##### Initial USER parameters from Command Line:
###### All USER parameters from Command Line:
runThreadN                    16     ~RE-DEFINED
runMode                       genomeGenerate        ~RE-DEFINED
genomeDir                     PTVL1     ~RE-DEFINED
genomeSAindexNbases           7     ~RE-DEFINED
genomeFastaFiles              PTVL1/GCF_000861125.1_ViralProj15439_genomic_PTVL1.fna        ~RE-DEFINED
sjdbGTFfile                   PTVL1/GCF_000861125.1_ViralProj15439_genomic_PTVL1.rename.gff     ~RE-DEFINED
sjdbOverhang                  99     ~RE-DEFINED
##### Finished reading parameters from all sources

##### Final user re-defined parameters-----------------:
runMode                           genomeGenerate   
runThreadN                        16
genomeDir                         PTVL1
genomeFastaFiles                  PTVL1/GCF_000861125.1_ViralProj15439_genomic_PTVL1.fna   
genomeSAindexNbases               7
sjdbGTFfile                       PTVL1/GCF_000861125.1_ViralProj15439_genomic_PTVL1.rename.gff
sjdbOverhang                      99

-------------------------------
##### Final effective command line:
STAR   --runMode genomeGenerate      --runThreadN 16   --genomeDir PTVL1   --genomeFastaFiles PTVL1/GCF_000861125.1_ViralProj15439_genomic_PTVL1.fna      --genomeSAindexNbases 7   --sjdbGTFfile PTVL1/GCF_000861125.1_ViralProj15439_genomic_PTVL1.rename.gff   --sjdbOverhang 99
----------------------------------------

Number of fastq files for each mate = 1
ParametersSolo: --soloCellFilterType CellRanger2.2 filtering parameters:  3000 0.99 10
Finished loading and checking parameters
--genomeDir directory exists and will be overwritten: PTVL1/
Feb 04 11:07:18 ... starting to generate Genome files
PTVL1/GCF_000861125.1_ViralProj15439_genomic_PTVL1.fna : chr # 0  "NC_000858.1" chrStart: 0
Chromosome sequence lengths: 
NC_000858.1	9028
Genome sequence total length = 9028
Genome size with padding = 262144
Feb 04 11:07:18 ..... processing annotations GTF
WARNING: while processing pGe.sjdbGTFfile=PTVL1/GCF_000861125.1_ViralProj15439_genomic_PTVL1.rename.gff: no transcript_id for line:
NC_000858.1	RefSeq	exon	802	2088	.	+	.	ID=exon-STLV1gp1;Dbxref=GeneID:1497207;Name=STLV1gp1;gbkey=Gene;exon_biotype=protein_coding;locus_tag=STLV1gp1
WARNING: while processing pGe.sjdbGTFfile=PTVL1/GCF_000861125.1_ViralProj15439_genomic_PTVL1.rename.gff: no gene_id for line:
NC_000858.1	RefSeq	exon	802	2088	.	+	.	ID=exon-STLV1gp1;Dbxref=GeneID:1497207;Name=STLV1gp1;gbkey=Gene;exon_biotype=protein_coding;locus_tag=STLV1gp1
WARNING: while processing pGe.sjdbGTFfile=PTVL1/GCF_000861125.1_ViralProj15439_genomic_PTVL1.rename.gff: no transcript_id for line:
NC_000858.1	RefSeq	exon	802	2088	.	+	0	ID=cds-NP_049558.1;Parent=exon-STLV1gp1;Dbxref=GenBank:NP_049558.1,GeneID:1497207;Name=NP_049558.1;gbkey=exon;locus_tag=STLV1gp1;product=gag polyprotein;protein_id=NP_049558.1
WARNING: while processing pGe.sjdbGTFfile=PTVL1/GCF_000861125.1_ViralProj15439_genomic_PTVL1.rename.gff: no gene_id for line:
NC_000858.1	RefSeq	exon	802	2088	.	+	0	ID=cds-NP_049558.1;Parent=exon-STLV1gp1;Dbxref=GenBank:NP_049558.1,GeneID:1497207;Name=NP_049558.1;gbkey=exon;locus_tag=STLV1gp1;product=gag polyprotein;protein_id=NP_049558.1
WARNING: while processing pGe.sjdbGTFfile=PTVL1/GCF_000861125.1_ViralProj15439_genomic_PTVL1.rename.gff: no transcript_id for line:
NC_000858.1	RefSeq	exon	2253	2753	.	+	.	ID=exon-STLV1gp2;Dbxref=GeneID:1497206;Name=STLV1gp2;gbkey=Gene;exon_biotype=protein_coding;locus_tag=STLV1gp2
WARNING: while processing pGe.sjdbGTFfile=PTVL1/GCF_000861125.1_ViralProj15439_genomic_PTVL1.rename.gff: no gene_id for line:
NC_000858.1	RefSeq	exon	2253	2753	.	+	.	ID=exon-STLV1gp2;Dbxref=GeneID:1497206;Name=STLV1gp2;gbkey=Gene;exon_biotype=protein_coding;locus_tag=STLV1gp2
WARNING: while processing pGe.sjdbGTFfile=PTVL1/GCF_000861125.1_ViralProj15439_genomic_PTVL1.rename.gff: no transcript_id for line:
NC_000858.1	RefSeq	exon	2253	2753	.	+	0	ID=cds-NP_049559.1;Parent=exon-STLV1gp2;Dbxref=GenBank:NP_049559.1,GeneID:1497206;Name=NP_049559.1;gbkey=exon;locus_tag=STLV1gp2;product=protease;protein_id=NP_049559.1
WARNING: while processing pGe.sjdbGTFfile=PTVL1/GCF_000861125.1_ViralProj15439_genomic_PTVL1.rename.gff: no gene_id for line:
NC_000858.1	RefSeq	exon	2253	2753	.	+	0	ID=cds-NP_049559.1;Parent=exon-STLV1gp2;Dbxref=GenBank:NP_049559.1,GeneID:1497206;Name=NP_049559.1;gbkey=exon;locus_tag=STLV1gp2;product=protease;protein_id=NP_049559.1
WARNING: while processing pGe.sjdbGTFfile=PTVL1/GCF_000861125.1_ViralProj15439_genomic_PTVL1.rename.gff: no transcript_id for line:
NC_000858.1	RefSeq	exon	2990	6643	.	+	.	ID=exon-STLV1gp3;Dbxref=GeneID:1497205;Name=STLV1gp3;gbkey=Gene;exon_biotype=protein_coding;locus_tag=STLV1gp3
WARNING: while processing pGe.sjdbGTFfile=PTVL1/GCF_000861125.1_ViralProj15439_genomic_PTVL1.rename.gff: no gene_id for line:
NC_000858.1	RefSeq	exon	2990	6643	.	+	.	ID=exon-STLV1gp3;Dbxref=GeneID:1497205;Name=STLV1gp3;gbkey=Gene;exon_biotype=protein_coding;locus_tag=STLV1gp3
WARNING: while processing pGe.sjdbGTFfile=PTVL1/GCF_000861125.1_ViralProj15439_genomic_PTVL1.rename.gff: no transcript_id for line:
NC_000858.1	RefSeq	exon	2990	6643	.	+	0	ID=cds-NP_049560.1;Parent=exon-STLV1gp3;Dbxref=GenBank:NP_049560.1,GeneID:1497205;Name=NP_049560.1;gbkey=exon;locus_tag=STLV1gp3;product=reverse transcriptase/envelope protein;protein_id=NP_049560.1
WARNING: while processing pGe.sjdbGTFfile=PTVL1/GCF_000861125.1_ViralProj15439_genomic_PTVL1.rename.gff: no gene_id for line:
NC_000858.1	RefSeq	exon	2990	6643	.	+	0	ID=cds-NP_049560.1;Parent=exon-STLV1gp3;Dbxref=GenBank:NP_049560.1,GeneID:1497205;Name=NP_049560.1;gbkey=exon;locus_tag=STLV1gp3;product=reverse transcriptase/envelope protein;protein_id=NP_049560.1
WARNING: while processing pGe.sjdbGTFfile=PTVL1/GCF_000861125.1_ViralProj15439_genomic_PTVL1.rename.gff: no transcript_id for line:
NC_000858.1	RefSeq	exon	7618	8355	.	+	.	ID=exon-STLV1gp4;Dbxref=GeneID:1497204;Name=STLV1gp4;gbkey=Gene;exon_biotype=protein_coding;locus_tag=STLV1gp4
WARNING: while processing pGe.sjdbGTFfile=PTVL1/GCF_000861125.1_ViralProj15439_genomic_PTVL1.rename.gff: no gene_id for line:
NC_000858.1	RefSeq	exon	7618	8355	.	+	.	ID=exon-STLV1gp4;Dbxref=GeneID:1497204;Name=STLV1gp4;gbkey=Gene;exon_biotype=protein_coding;locus_tag=STLV1gp4
WARNING: while processing pGe.sjdbGTFfile=PTVL1/GCF_000861125.1_ViralProj15439_genomic_PTVL1.rename.gff: no transcript_id for line:
NC_000858.1	RefSeq	exon	7618	8355	.	+	0	ID=cds-NP_049561.1;Parent=exon-STLV1gp4;Dbxref=GenBank:NP_049561.1,GeneID:1497204;Name=NP_049561.1;gbkey=exon;locus_tag=STLV1gp4;product=tax protein;protein_id=NP_049561.1
WARNING: while processing pGe.sjdbGTFfile=PTVL1/GCF_000861125.1_ViralProj15439_genomic_PTVL1.rename.gff: no gene_id for line:
NC_000858.1	RefSeq	exon	7618	8355	.	+	0	ID=cds-NP_049561.1;Parent=exon-STLV1gp4;Dbxref=GenBank:NP_049561.1,GeneID:1497204;Name=NP_049561.1;gbkey=exon;locus_tag=STLV1gp4;product=tax protein;protein_id=NP_049561.1
Processing pGe.sjdbGTFfile=PTVL1/GCF_000861125.1_ViralProj15439_genomic_PTVL1.rename.gff, found:
		8 transcripts
		8 exons (non-collapsed)
		0 collapsed junctions
Total junctions: 0
Feb 04 11:07:18 ..... finished GTF processing

!!!!! WARNING: --genomeSAindexNbases 7 is too large for the genome size=9028, which may cause seg-fault at the mapping step. Re-run genome generation with recommended --genomeSAindexNbases 5
Estimated genome size with padding and SJs: total=genome+SJ=199262144 = 262144 + 199000000
GstrandBit=32
Number of SA indices: 18056
Feb 04 11:07:18 ... starting to sort Suffix Array. This may take a long time...
Number of chunks: 16;   chunks size limit: 9624 bytes
Feb 04 11:07:18 ... sorting Suffix Array chunks and saving them to disk...
Writing 9576 bytes into PTVL1//SA_0 ; empty space on disk = 1827972579328000 bytes ... done
Writing 9496 bytes into PTVL1//SA_13 ; empty space on disk = 1827972579328000 bytes ... done
Writing 9296 bytes into PTVL1//SA_1 ; empty space on disk = 1827972579328000 bytes ... done
Writing 9408 bytes into PTVL1//SA_2 ; empty space on disk = 1827972579328000 bytes ... done
Writing 9272 bytes into PTVL1//SA_3 ; empty space on disk = 1827972579328000 bytes ... done
Writing 9104 bytes into PTVL1//SA_4 ; empty space on disk = 1827972579328000 bytes ... done
Writing 9560 bytes into PTVL1//SA_5 ; empty space on disk = 1827972579328000 bytes ... done
Writing 9512 bytes into PTVL1//SA_6 ; empty space on disk = 1827972579328000 bytes ... done
Writing 9136 bytes into PTVL1//SA_7 ; empty space on disk = 1827972579328000 bytes ... done
Writing 8712 bytes into PTVL1//SA_8 ; empty space on disk = 1827972579328000 bytes ... done
Writing 9480 bytes into PTVL1//SA_9 ; empty space on disk = 1827972579328000 bytes ... done
Writing 9616 bytes into PTVL1//SA_10 ; empty space on disk = 1827972579328000 bytes ... done
Writing 9624 bytes into PTVL1//SA_11 ; empty space on disk = 1827972579328000 bytes ... done
Writing 9320 bytes into PTVL1//SA_12 ; empty space on disk = 1827972579328000 bytes ... done
Writing 9160 bytes into PTVL1//SA_14 ; empty space on disk = 1827972579328000 bytes ... done
 done
Writing 4176 bytes into PTVL1//SA_15 ; empty space on disk = 1827972579328000 bytes ... done
Feb 04 11:07:18 ... loading chunks from disk, packing SA...
Feb 04 11:07:18 ... finished generating suffix array
Feb 04 11:07:18 ... generating Suffix Array index
Feb 04 11:07:18 ... completed Suffix Array index
Feb 04 11:07:18   Finished preparing junctions
Feb 04 11:07:18 ..... finished inserting junctions into genome
Feb 04 11:07:18 ... writing Genome to disk ...
Writing 262144 bytes into PTVL1//Genome ; empty space on disk = 1827972579328000 bytes ... done
SA size in bytes: 74484
Feb 04 11:07:18 ... writing Suffix Array to disk ...
Writing 74484 bytes into PTVL1//SA ; empty space on disk = 1827972575133696 bytes ... done
Feb 04 11:07:18 ... writing SAindex to disk
Writing 8 bytes into PTVL1//SAindex ; empty space on disk = 1827972575133696 bytes ... done
Writing 64 bytes into PTVL1//SAindex ; empty space on disk = 1827972575133696 bytes ... done
Writing 95571 bytes into PTVL1//SAindex ; empty space on disk = 1827972575133696 bytes ... done
Feb 04 11:07:18 ..... finished successfully
DONE: Genome generation, EXITING
